  0.000000000000000E+000  9.369787738732817E-002
  1.000000000000000E-002  9.967377583221562E-002
  2.000000000000000E-002  0.105976997431946     
  3.000000000000000E-002  0.112571097292493     
  4.000000000000000E-002  0.119413575266040     
  5.000000000000000E-002  0.126458674410559     
  6.000000000000000E-002  0.133660063485065     
  7.000000000000001E-002  0.140973125307507     
  8.000000000000000E-002  0.148356683051785     
  9.000000000000000E-002  0.155774083685073     
  0.100000000000000       0.163193641223439     
  0.110000000000000       0.170588533728335     
  0.120000000000000       0.177936328535946     
  0.130000000000000       0.185218346827108     
  0.140000000000000       0.192419053705572     
  0.150000000000000       0.199525585750862     
  0.160000000000000       0.206527437019223     
  0.170000000000000       0.213416251365996     
  0.180000000000000       0.220185637621947     
  0.190000000000000       0.226830940200339     
  0.200000000000000       0.233348946104366     
  0.210000000000000       0.239737561079605     
  0.220000000000000       0.245995515654432     
  0.230000000000000       0.252122155139097     
  0.240000000000000       0.258117334467166     
  0.250000000000000       0.263981398154700     
  0.260000000000000       0.269715196963644     
  0.270000000000000       0.275320087929519     
  0.280000000000000       0.280797883574400     
  0.290000000000000       0.286150748436548     
  0.300000000000000       0.291381069897006     
  0.310000000000000       0.296491342300669     
  0.320000000000000       0.301484095135864     
  0.330000000000000       0.306361874382898     
  0.340000000000000       0.311127263005687     
  0.350000000000000       0.315782912620901     
  0.360000000000000       0.320331558712124     
  0.370000000000000       0.324776004491773     
  0.380000000000000       0.329119076376232     
  0.390000000000000       0.333363568108982     
  0.400000000000000       0.337512194677653     
  0.410000000000000       0.341567570707850     
  0.420000000000000       0.345532215552381     
  0.430000000000000       0.349408575543079     
  0.440000000000000       0.353199048087163     
  0.450000000000000       0.356905994142623     
  0.460000000000000       0.360531733165097     
  0.470000000000000       0.364078523770976     
  0.480000000000000       0.367548539790800     
  0.490000000000000       0.370943852466441     
  0.500000000000000       0.374266425471956     
  0.510000000000000       0.377518122889225     
  0.520000000000000       0.380700724691090     
  0.530000000000000       0.383815942009313     
  0.540000000000000       0.386865425880814     
  0.550000000000000       0.389850767063042     
  0.560000000000000       0.392773488896397     
  0.570000000000000       0.395635038107576     
  0.580000000000000       0.398436778745169     
  0.590000000000000       0.401179992325480     
  0.600000000000000       0.403865884112936     
  0.610000000000000       0.406495592886889     
  0.620000000000000       0.409070200529727     
  0.630000000000000       0.411590738396918     
  0.640000000000000       0.414058189175406     
  0.650000000000000       0.416473484984540     
  0.660000000000000       0.418837503952770     
  0.670000000000000       0.421151067832756     
  0.680000000000000       0.423414942420468     
  0.690000000000000       0.425629841176087     
  0.700000000000000       0.427796431163542     
  0.710000000000000       0.429915339642870     
  0.720000000000000       0.431987159519219     
  0.730000000000000       0.434012452371567     
  0.740000000000000       0.435991748769891     
  0.750000000000000       0.437925546654685     
  0.760000000000000       0.439814309268222     
  0.770000000000000       0.441658464245078     
  0.780000000000000       0.443458404988150     
  0.790000000000000       0.445214494545784     
  0.800000000000000       0.446927071169625     
  0.810000000000000       0.448596453980626     
  0.820000000000000       0.450222947062292     
  0.830000000000000       0.451806840919658     
  0.840000000000000       0.453348411332348     
  0.850000000000000       0.454847916740291     
  0.860000000000000       0.456305595978403     
  0.870000000000000       0.457721668091199     
  0.880000000000000       0.459096335050060     
  0.890000000000000       0.460429786812835     
  0.900000000000000       0.461722206971929     
  0.910000000000000       0.462973776846094     
  0.920000000000000       0.464184676490182     
  0.930000000000000       0.465355082453414     
  0.940000000000000       0.466485163615818     
  0.950000000000000       0.467575077390423     
  0.960000000000000       0.468624968493491     
  0.970000000000000       0.469634971322369     
  0.980000000000000       0.470605215273473     
  0.990000000000000       0.471535830922036     
   1.00000000000000       0.472426954551495     
   1.01000000000000       0.473278729250183     
   1.02000000000000       0.474091302347561     
   1.03000000000000       0.474864820650980     
   1.04000000000000       0.475599425988170     
   1.05000000000000       0.476295253422800     
   1.06000000000000       0.476952433207109     
   1.07000000000000       0.477571095693955     
   1.08000000000000       0.478151376970563     
   1.09000000000000       0.478693422618824     
   1.10000000000000       0.479197387920600     
   1.11000000000000       0.479663434558247     
   1.12000000000000       0.480091725552219     
   1.13000000000000       0.480482420989213     
   1.14000000000000       0.480835676639557     
   1.15000000000000       0.481151646100818     
   1.16000000000000       0.481430485376961     
   1.17000000000000       0.481672357640657     
   1.18000000000000       0.481877435867435     
   1.19000000000000       0.482045902088861     
   1.20000000000000       0.482177943667325     
   1.21000000000000       0.482273748425298     
   1.22000000000000       0.482333500958375     
   1.23000000000000       0.482357381801390     
   1.24000000000000       0.482345569663338     
   1.25000000000000       0.482298245430951     
   1.26000000000000       0.482215595793866     
   1.27000000000000       0.482097814568721     
   1.28000000000000       0.481945100975178     
   1.29000000000000       0.481757655627795     
   1.30000000000000       0.481535676060272     
   1.31000000000000       0.481279353683528     
   1.32000000000000       0.480988873230962     
   1.33000000000000       0.480664414449421     
   1.34000000000000       0.480306154695500     
   1.35000000000000       0.479914270695461     
   1.36000000000000       0.479488938182752     
   1.37000000000000       0.479030329189081     
   1.38000000000000       0.478538607881032     
   1.39000000000000       0.478013926438696     
   1.40000000000000       0.477456422297203     
   1.41000000000000       0.476866217257626     
   1.42000000000000       0.476243417947508     
   1.43000000000000       0.475588116367022     
   1.44000000000000       0.474900389144207     
   1.45000000000000       0.474180294687268     
   1.46000000000000       0.473427868358802     
   1.47000000000000       0.472643116598655     
   1.48000000000000       0.471826011173394     
   1.49000000000000       0.470976484342266     
   1.50000000000000       0.470094424946049     
   1.51000000000000       0.469179674651420     
   1.52000000000000       0.468232023187100     
   1.53000000000000       0.467251201570998     
   1.54000000000000       0.466236872963870     
   1.55000000000000       0.465188621567691     
   1.56000000000000       0.464105940517206     
   1.57000000000000       0.462988219762707     
   1.58000000000000       0.461834734601228     
   1.59000000000000       0.460644635124732     
   1.60000000000000       0.459416936799905     
   1.61000000000000       0.458150512902705     
   1.62000000000000       0.456844090586492     
   1.63000000000000       0.455496253694158     
   1.64000000000000       0.454105456513850     
   1.65000000000000       0.452670052797533     
   1.66000000000000       0.451188342721017     
   1.67000000000000       0.449658636549157     
   1.68000000000000       0.448079327904029     
   1.69000000000000       0.446448963466925     
   1.70000000000000       0.444766292839390     
   1.71000000000000       0.443030285287323     
   1.72000000000000       0.441240109755563     
   1.73000000000000       0.439395087350734     
   1.74000000000000       0.437494635567155     
   1.75000000000000       0.435538226441018     
   1.76000000000000       0.433525375845715     
   1.77000000000000       0.431455670373416     
   1.78000000000000       0.429328824557445     
   1.79000000000000       0.427144747712092     
   1.80000000000000       0.424903590593862     
   1.81000000000000       0.422605742288215     
   1.82000000000000       0.420251759781762     
   1.83000000000000       0.417842233669095     
   1.84000000000000       0.415377615385972     
   1.85000000000000       0.412858045634190     
   1.86000000000000       0.410283225205647     
   1.87000000000000       0.407652357648566     
   1.88000000000000       0.404964171172375     
   1.89000000000000       0.402217001082494     
   1.90000000000000       0.399408892757477     
   1.91000000000000       0.396537677843500     
   1.92000000000000       0.393600988171277     
   1.93000000000000       0.390596200752981     
   1.94000000000000       0.387520343547889     
   1.95000000000000       0.384370022681445     
   1.96000000000000       0.381141446454356     
   1.97000000000000       0.377830612812126     
   1.98000000000000       0.374433692283251     
   1.99000000000000       0.370947581394691     
   2.00000000000000       0.367370535957083     
   2.01000000000000       0.363702743420915     
   2.02000000000000       0.359946685021460     
   2.03000000000000       0.356107184796357     
   2.04000000000000       0.352191130848281     
   2.05000000000000       0.348206948505624     
   2.06000000000000       0.344163967315745     
   2.07000000000000       0.340071835677971     
   2.08000000000000       0.335940103686842     
   2.09000000000000       0.331778033873842     
   2.10000000000000       0.327594628984762     
   2.11000000000000       0.323398801130718     
   2.12000000000000       0.319199562261430     
   2.13000000000000       0.315006105370299     
   2.14000000000000       0.310827676044722     
   2.15000000000000       0.306673199085275     
   2.16000000000000       0.302550706157579     
   2.17000000000000       0.298466682902046     
   2.18000000000000       0.294425494281230     
   2.19000000000000       0.290429039026813     
   2.20000000000000       0.286476725747965     
   2.21000000000000       0.282565772889647     
   2.22000000000000       0.278691746428769     
   2.23000000000000       0.274849195241049     
   2.24000000000000       0.271032238260548     
   2.25000000000000       0.267234992897309     
   2.26000000000000       0.263451792224425     
   2.27000000000000       0.259677199942675     
   2.28000000000000       0.255905882998457     
   2.29000000000000       0.252132433550372     
   2.30000000000000       0.248351239845106     
   2.31000000000000       0.244556488131508     
   2.32000000000000       0.240742340073730     
   2.33000000000000       0.236903283545803     
   2.34000000000000       0.233034610832043     
   2.35000000000000       0.229132943649498     
   2.36000000000000       0.225196702292962     
   2.37000000000000       0.221226412324112     
   2.38000000000000       0.217224765466264     
   2.39000000000000       0.213196405367342     
   2.40000000000000       0.209147481419592     
   2.41000000000000       0.205085076727045     
   2.42000000000000       0.201016641518209     
   2.43000000000000       0.196949542601976     
   2.44000000000000       0.192890788894445     
   2.45000000000000       0.188846938011571     
   2.46000000000000       0.184824145900730     
   2.47000000000000       0.180828292910508     
   2.48000000000000       0.176865102789606     
   2.49000000000000       0.172940168221857     
   2.50000000000000       0.169058815706427     
   2.51000000000000       0.165225788185327     
   2.52000000000000       0.161444787196740     
   2.53000000000000       0.157717977235193     
   2.54000000000000       0.154045591762288     
   2.55000000000000       0.150425778841969     
   2.56000000000000       0.146854781024370     
   2.57000000000000       0.143327466686089     
   2.58000000000000       0.139838138508816     
   2.59000000000000       0.136381466299267     
   2.60000000000000       0.132953349732301     
   2.61000000000000       0.129551524584612     
   2.62000000000000       0.126175783435263     
   2.63000000000000       0.122827774479948     
   2.64000000000000       0.119510442682411     
   2.65000000000000       0.116227255043353     
   2.66000000000000       0.112981386633272     
   2.67000000000000       0.109775034301243     
   2.68000000000000       0.106608981168918     
   2.69000000000000       0.103482472628186     
   2.70000000000000       0.100393400078526     
   2.71000000000000       9.733873581143763E-002
   2.72000000000000       9.431512785979222E-002
   2.73000000000000       9.131954659247180E-002
   2.74000000000000       8.834987256010363E-002
   2.75000000000000       8.540532768724554E-002
   2.76000000000000       8.248668260123936E-002
   2.77000000000000       7.959622300061950E-002
   2.78000000000000       7.673751892161329E-002
   2.79000000000000       7.391509064600855E-002
   2.80000000000000       7.113407859024418E-002
   2.81000000000000       6.839999341173973E-002
   2.82000000000000       6.571856573651681E-002
   2.83000000000000       6.309566556779189E-002
   2.84000000000000       6.053724186246198E-002
   2.85000000000000       5.804924172715359E-002
   2.86000000000000       5.563748974066181E-002
   2.87000000000000       5.330752558196446E-002
   2.88000000000000       5.106440709199473E-002
   2.89000000000000       4.891248960861452E-002
   2.90000000000000       4.685519657341936E-002
   2.91000000000000       4.489480330797173E-002
   2.92000000000000       4.303226323730307E-002
   2.93000000000000       4.126710936998912E-002
   2.94000000000000       3.959745985645928E-002
   2.95000000000000       3.802014310384924E-002
   2.96000000000000       3.653093630316507E-002
   2.97000000000000       3.512488690251623E-002
   2.98000000000000       3.379666861054702E-002
   2.99000000000000       3.254091924811876E-002
   3.00000000000000       3.135251768674793E-002
   3.01000000000000       3.022677526760369E-002
   3.02000000000000       2.915953589831751E-002
   3.03000000000000       2.814719357906087E-002
   3.04000000000000       2.718664519618526E-002
   3.05000000000000       2.627520097936928E-002
   3.06000000000000       2.541047616869331E-002
   3.07000000000000       2.459028548503630E-002
   3.08000000000000       2.381255682085334E-002
   3.09000000000000       2.307527282485909E-002
   3.10000000000000       2.237644080170827E-002
   3.11000000000000       2.171408516924695E-002
   3.12000000000000       2.108625408931327E-002
   3.13000000000000       2.049103245513369E-002
   3.14000000000000       1.992655568352042E-002
   3.15000000000000       1.939102126088366E-002
   3.16000000000000       1.888269692732340E-002
   3.17000000000000       1.839992557168197E-002
   3.18000000000000       1.794112748659521E-002
   3.19000000000000       1.750480080186243E-002
   3.20000000000000       1.708952084805424E-002
   3.21000000000000       1.669393902010709E-002
   3.22000000000000       1.631678149385666E-002
   3.23000000000000       1.595684795067832E-002
   3.24000000000000       1.561301031712285E-002
   3.25000000000000       1.528421143785506E-002
   3.26000000000000       1.496946356643132E-002
   3.27000000000000       1.466784656628769E-002
   3.28000000000000       1.437850574805258E-002
   3.29000000000000       1.410064931448341E-002
   3.30000000000000       1.383354542957608E-002
   3.31000000000000       1.357651896601545E-002
   3.32000000000000       1.332894801100284E-002
   3.33000000000000       1.309026022356030E-002
   3.34000000000000       1.285992913790928E-002
   3.35000000000000       1.263747050006502E-002
   3.36000000000000       1.242243871147495E-002
   3.37000000000000       1.221442343726994E-002
   3.38000000000000       1.201304641985202E-002
   3.39000000000000       1.181795852281723E-002
   3.40000000000000       1.162883701668175E-002
   3.41000000000000       1.144538310706364E-002
   3.42000000000000       1.126731969795335E-002
   3.43000000000000       1.109438937724520E-002
   3.44000000000000       1.092635260840379E-002
   3.45000000000000       1.076298611053327E-002
   3.46000000000000       1.060408140876393E-002
   3.47000000000000       1.044944353736706E-002
   3.48000000000000       1.029888987904255E-002
   3.49000000000000       1.015224912514489E-002
   3.50000000000000       1.000936034305740E-002
   3.51000000000000       9.870072138373648E-003
   3.52000000000000       9.734241900935570E-003
   3.53000000000000       9.601735125063748E-003
   3.54000000000000       9.472424795487372E-003
   3.55000000000000       9.346190831523962E-003
   3.56000000000000       9.222919582985207E-003
   3.57000000000000       9.102503372094593E-003
   3.58000000000000       8.984840076411999E-003
   3.59000000000000       8.869832748375907E-003
   3.60000000000000       8.757389267609755E-003
   3.61000000000000       8.647422022603966E-003
   3.62000000000000       8.539847618788244E-003
   3.63000000000000       8.434586610359861E-003
   3.64000000000000       8.331563253538064E-003
   3.65000000000000       8.230705279180427E-003
   3.66000000000000       8.131943682928293E-003
   3.67000000000000       8.035212531250755E-003
   3.68000000000000       7.940448781933753E-003
   3.69000000000000       7.847592117716030E-003
   3.70000000000000       7.756584791909921E-003
   3.71000000000000       7.667371484965574E-003
   3.72000000000000       7.579899171042653E-003
   3.73000000000000       7.494116993747572E-003
   3.74000000000000       7.409976150277122E-003
   3.75000000000000       7.327429783283176E-003
   3.76000000000000       7.246432879838320E-003
   3.77000000000000       7.166942176940937E-003
   3.78000000000000       7.088916073050075E-003
   3.79000000000000       7.012314545186929E-003
   3.80000000000000       6.937099071181584E-003
   3.81000000000000       6.863232556680996E-003
   3.82000000000000       6.790679266567498E-003
   3.83000000000000       6.719404760467862E-003
   3.84000000000000       6.649375832059510E-003
   3.85000000000000       6.580560451905620E-003
   3.86000000000000       6.512927713572813E-003
   3.87000000000000       6.446447782805104E-003
   3.88000000000000       6.381091849546301E-003
   3.89000000000000       6.316832082619487E-003
   3.90000000000000       6.253641586887039E-003
   3.91000000000000       6.191494362728723E-003
   3.92000000000000       6.130365267687397E-003
   3.93000000000000       6.070229980143774E-003
   3.94000000000000       6.011064964891484E-003
   3.95000000000000       5.952847440493716E-003
   3.96000000000000       5.895555348310966E-003
   3.97000000000000       5.839167323097846E-003
   3.98000000000000       5.783662665073663E-003
   3.99000000000000       5.729021313378682E-003
   4.00000000000000       5.675223820833971E-003
   4.01000000000000       5.622251329928199E-003
   4.02000000000000       5.570085549960390E-003
   4.03000000000000       5.518708735272088E-003
   4.04000000000000       5.468103664507031E-003
   4.05000000000000       5.418253620840511E-003
   4.06000000000000       5.369142373124296E-003
   4.07000000000000       5.320754157896673E-003
   4.08000000000000       5.273073662210153E-003
   4.09000000000000       5.226086007232746E-003
   4.10000000000000       5.179776732581190E-003
   4.11000000000000       5.134131781347203E-003
   4.12000000000000       5.089137485780402E-003
   4.13000000000000       5.044780553593429E-003
   4.14000000000000       5.001048054857336E-003
   4.15000000000000       4.957927409456731E-003
   4.16000000000000       4.915406375076417E-003
   4.17000000000000       4.873473035692702E-003
   4.18000000000000       4.832115790544185E-003
   4.19000000000000       4.791323343558271E-003
   4.20000000000000       4.751084693210998E-003
   4.21000000000000       4.711389122799225E-003
   4.22000000000000       4.672226191105084E-003
   4.23000000000000       4.633585723434080E-003
   4.24000000000000       4.595457803009012E-003
   4.25000000000000       4.557832762702887E-003
   4.26000000000000       4.520701177095135E-003
   4.27000000000000       4.484053854836024E-003
   4.28000000000000       4.447881831305098E-003
   4.29000000000000       4.412176361550259E-003
   4.30000000000000       4.376928913494738E-003
   4.31000000000000       4.342131161399940E-003
   4.32000000000000       4.307774979572729E-003
   4.33000000000000       4.273852436306271E-003
   4.34000000000000       4.240355788044319E-003
   4.35000000000000       4.207277473758984E-003
   4.36000000000000       4.174610109532921E-003
   4.37000000000000       4.142346483337000E-003
   4.38000000000000       4.110479549995237E-003
   4.39000000000000       4.079002426328887E-003
   4.40000000000000       4.047908386472339E-003
   4.41000000000000       4.017190857353474E-003
   4.42000000000000       3.986843414331725E-003
   4.43000000000000       3.956859776987309E-003
   4.44000000000000       3.927233805055495E-003
   4.45000000000000       3.897959494499907E-003
   4.46000000000000       3.869030973719330E-003
   4.47000000000000       3.840442499882584E-003
   4.48000000000000       3.812188455386466E-003
   4.49000000000000       3.784263344431727E-003
   4.50000000000000       3.756661789712573E-003
   4.51000000000000       3.729378529215190E-003
   4.52000000000000       3.702408413121034E-003
   4.53000000000000       3.675746400810922E-003
   4.54000000000000       3.649387557965910E-003
   4.55000000000000       3.623327053761444E-003
   4.56000000000000       3.597560158151085E-003
   4.57000000000000       3.572082239236561E-003
   4.58000000000000       3.546888760720793E-003
   4.59000000000000       3.521975279440949E-003
   4.60000000000000       3.497337442978394E-003
   4.61000000000000       3.472970987342874E-003
   4.62000000000000       3.448871734728101E-003
   4.63000000000000       3.425035591336200E-003
   4.64000000000000       3.401458545268510E-003
   4.65000000000000       3.378136664480372E-003
   4.66000000000000       3.355066094797591E-003
   4.67000000000000       3.332243057992408E-003
   4.68000000000000       3.309663849916851E-003
   4.69000000000000       3.287324838691496E-003
   4.70000000000000       3.265222462947681E-003
   4.71000000000000       3.243353230121242E-003
   4.72000000000000       3.221713714796136E-003
   4.73000000000000       3.200300557096135E-003
   4.74000000000000       3.179110461122990E-003
   4.75000000000000       3.158140193439408E-003
   4.76000000000000       3.137386581595498E-003
   4.77000000000000       3.116846512697025E-003
   4.78000000000000       3.096516932014216E-003
   4.79000000000000       3.076394841629717E-003
   4.80000000000000       3.056477299124387E-003
   4.81000000000000       3.036761416299722E-003
   4.82000000000000       3.017244357935729E-003
   4.83000000000000       2.997923340582984E-003
   4.84000000000000       2.978795631387917E-003
   4.85000000000000       2.959858546950134E-003
   4.86000000000000       2.941109452210819E-003
   4.87000000000000       2.922545759371190E-003
   4.88000000000000       2.904164926840062E-003
   4.89000000000000       2.885964458209597E-003
   4.90000000000000       2.867941901258363E-003
   4.91000000000000       2.850094846980844E-003
   4.92000000000000       2.832420928642560E-003
   4.93000000000000       2.814917820860055E-003
   4.94000000000000       2.797583238704875E-003
   4.95000000000000       2.780414936830971E-003
   4.96000000000000       2.763410708624645E-003
   4.97000000000000       2.746568385376449E-003
   4.98000000000000       2.729885835474348E-003
   4.99000000000000       2.713360963617505E-003
   5.00000000000000       2.696991710050087E-003
   5.01000000000000       2.680776049814422E-003
   5.02000000000000       2.664711992023089E-003
   5.03000000000000       2.648797579149180E-003
   5.04000000000000       2.633030886334385E-003
   5.05000000000000       2.617410020714232E-003
   5.06000000000000       2.601933120760096E-003
   5.07000000000000       2.586598355637387E-003
   5.08000000000000       2.571403924579560E-003
   5.09000000000000       2.556348056277397E-003
   5.10000000000000       2.541429008283145E-003
   5.11000000000000       2.526645066429165E-003
   5.12000000000000       2.511994544260544E-003
   5.13000000000000       2.497475782481396E-003
   5.14000000000000       2.483087148414398E-003
   5.15000000000000       2.468827035473235E-003
   5.16000000000000       2.454693862647524E-003
   5.17000000000000       2.440686073999973E-003
   5.18000000000000       2.426802138175349E-003
   5.19000000000000       2.413040547920941E-003
   5.20000000000000       2.399399819618275E-003
   5.21000000000000       2.385878492825683E-003
   5.22000000000000       2.372475129831468E-003
   5.23000000000000       2.359188315217400E-003
   5.24000000000000       2.346016655432239E-003
   5.25000000000000       2.332958778374993E-003
   5.26000000000000       2.320013332987713E-003
   5.27000000000000       2.307178988857517E-003
   5.28000000000000       2.294454435827614E-003
   5.29000000000000       2.281838383617107E-003
   5.30000000000000       2.269329561449309E-003
   5.31000000000000       2.256926717688382E-003
   5.32000000000000       2.244628619484066E-003
   5.33000000000000       2.232434052424299E-003
   5.34000000000000       2.220341820195494E-003
   5.35000000000000       2.208350744250309E-003
   5.36000000000000       2.196459663482710E-003
   5.37000000000000       2.184667433910118E-003
   5.38000000000000       2.172972928362491E-003
   5.39000000000000       2.161375036178148E-003
   5.40000000000000       2.149872662906146E-003
   5.41000000000000       2.138464730015099E-003
   5.42000000000000       2.127150174608201E-003
   5.43000000000000       2.115927949144391E-003
   5.44000000000000       2.104797021165394E-003
   5.45000000000000       2.093756373028608E-003
   5.46000000000000       2.082805001645605E-003
   5.47000000000000       2.071941918226155E-003
   5.48000000000000       2.061166148027602E-003
   5.49000000000000       2.050476730109523E-003
   5.50000000000000       2.039872717093442E-003
   5.51000000000000       2.029353174927589E-003
   5.52000000000000       2.018917182656482E-003
   5.53000000000000       2.008563832195297E-003
   5.54000000000000       1.998292228108844E-003
   5.55000000000000       1.988101487395083E-003
   5.56000000000000       1.977990739273059E-003
   5.57000000000000       1.967959124975150E-003
   5.58000000000000       1.958005797543507E-003
   5.59000000000000       1.948129921630631E-003
   5.60000000000000       1.938330673303941E-003
   5.61000000000000       1.928607239854282E-003
   5.62000000000000       1.918958819608243E-003
   5.63000000000000       1.909384621744224E-003
   5.64000000000000       1.899883866112156E-003
   5.65000000000000       1.890455783056790E-003
   5.66000000000000       1.881099613244453E-003
   5.67000000000000       1.871814607493236E-003
   5.68000000000000       1.862600026606495E-003
   5.69000000000000       1.853455141209604E-003
   5.70000000000000       1.844379231589891E-003
   5.71000000000000       1.835371587539675E-003
   5.72000000000000       1.826431508202332E-003
   5.73000000000000       1.817558301921348E-003
   5.74000000000000       1.808751286092261E-003
   5.75000000000000       1.800009787017418E-003
   5.76000000000000       1.791333139763551E-003
   5.77000000000000       1.782720688022018E-003
   5.78000000000000       1.774171783971725E-003
   5.79000000000000       1.765685788144625E-003
   5.80000000000000       1.757262069293758E-003
   5.81000000000000       1.748900004263770E-003
   5.82000000000000       1.740598977863854E-003
   5.83000000000000       1.732358382743069E-003
   5.84000000000000       1.724177619267983E-003
   5.85000000000000       1.716056095402574E-003
   5.86000000000000       1.707993226590364E-003
   5.87000000000000       1.699988435638722E-003
   5.88000000000000       1.692041152605294E-003
   5.89000000000000       1.684150814686525E-003
   5.90000000000000       1.676316866108199E-003
   5.91000000000000       1.668538758018006E-003
   5.92000000000000       1.660815948380002E-003
   5.93000000000000       1.653147901871056E-003
   5.94000000000000       1.645534089779110E-003
   5.95000000000000       1.637973989903291E-003
   5.96000000000000       1.630467086455818E-003
   5.97000000000000       1.623012869965657E-003
   5.98000000000000       1.615610837183900E-003
   5.99000000000000       1.608260490990830E-003
   6.00000000000000       1.600961340304635E-003
   6.01000000000000       1.593712899991717E-003
   6.02000000000000       1.586514690778608E-003
   6.03000000000000       1.579366239165433E-003
   6.04000000000000       1.572267077340877E-003
   6.05000000000000       1.565216743098631E-003
   6.06000000000000       1.558214779755330E-003
   6.07000000000000       1.551260736069881E-003
   6.08000000000000       1.544354166164213E-003
   6.09000000000000       1.537494629445377E-003
   6.10000000000000       1.530681690529007E-003
   6.11000000000000       1.523914919164095E-003
   6.12000000000000       1.517193890159029E-003
   6.13000000000000       1.510518183308931E-003
   6.14000000000000       1.503887383324218E-003
   6.15000000000000       1.497301079760368E-003
   6.16000000000000       1.490758866948885E-003
   6.17000000000000       1.484260343929442E-003
   6.18000000000000       1.477805114383141E-003
   6.19000000000000       1.471392786566918E-003
   6.20000000000000       1.465022973249042E-003
   6.21000000000000       1.458695291645685E-003
   6.22000000000000       1.452409363358552E-003
   6.23000000000000       1.446164814313548E-003
   6.24000000000000       1.439961274700481E-003
   6.25000000000000       1.433798378913722E-003
   6.26000000000000       1.427675765493883E-003
   6.27000000000000       1.421593077070423E-003
   6.28000000000000       1.415549960305225E-003
   6.29000000000000       1.409546065837073E-003
   6.30000000000000       1.403581048227038E-003
   6.31000000000000       1.397654565904770E-003
   6.32000000000000       1.391766281115644E-003
   6.33000000000000       1.385915859868760E-003
   6.34000000000000       1.380102971885795E-003
   6.35000000000000       1.374327290550672E-003
   6.36000000000000       1.368588492860044E-003
   6.37000000000000       1.362886259374557E-003
   6.38000000000000       1.357220274170898E-003
   6.39000000000000       1.351590224794620E-003
   6.40000000000000       1.345995802213694E-003
   6.41000000000000       1.340436700772825E-003
   6.42000000000000       1.334912618148450E-003
   6.43000000000000       1.329423255304498E-003
   6.44000000000000       1.323968316448799E-003
   6.45000000000000       1.318547508990203E-003
   6.46000000000000       1.313160543496364E-003
   6.47000000000000       1.307807133652184E-003
   6.48000000000000       1.302486996218899E-003
   6.49000000000000       1.297199850993809E-003
   6.50000000000000       1.291945420770627E-003
   6.51000000000000       1.286723431300435E-003
   6.52000000000000       1.281533611253259E-003
   6.53000000000000       1.276375692180216E-003
   6.54000000000000       1.271249408476254E-003
   6.55000000000000       1.266154497343460E-003
   6.56000000000000       1.261090698754925E-003
   6.57000000000000       1.256057755419157E-003
   6.58000000000000       1.251055412745048E-003
   6.59000000000000       1.246083418807355E-003
   6.60000000000000       1.241141524312713E-003
   6.61000000000000       1.236229482566161E-003
   6.62000000000000       1.231347049438163E-003
   6.63000000000000       1.226493983332132E-003
   6.64000000000000       1.221670045152444E-003
   6.65000000000000       1.216874998272916E-003
   6.66000000000000       1.212108608505766E-003
   6.67000000000000       1.207370644071026E-003
   6.68000000000000       1.202660875566420E-003
   6.69000000000000       1.197979075937673E-003
   6.70000000000000       1.193325020449268E-003
   6.71000000000000       1.188698486655635E-003
   6.72000000000000       1.184099254372754E-003
   6.73000000000000       1.179527105650186E-003
   6.74000000000000       1.174981824743495E-003
   6.75000000000000       1.170463198087104E-003
   6.76000000000000       1.165971014267504E-003
   6.77000000000000       1.161505063996890E-003
   6.78000000000000       1.157065140087159E-003
   6.79000000000000       1.152651037424283E-003
   6.80000000000000       1.148262552943063E-003
   6.81000000000000       1.143899485602237E-003
   6.82000000000000       1.139561636359948E-003
   6.83000000000000       1.135248808149564E-003
   6.84000000000000       1.130960805855842E-003
   6.85000000000000       1.126697436291436E-003
   6.86000000000000       1.122458508173734E-003
   6.87000000000000       1.118243832102020E-003
   6.88000000000000       1.114053220534976E-003
   6.89000000000000       1.109886487768485E-003
   6.90000000000000       1.105743449913750E-003
   6.91000000000000       1.101623924875733E-003
   6.92000000000000       1.097527732331876E-003
   6.93000000000000       1.093454693711138E-003
   6.94000000000000       1.089404632173319E-003
   6.95000000000000       1.085377372588668E-003
   6.96000000000000       1.081372741517777E-003
   6.97000000000000       1.077390567191761E-003
   6.98000000000000       1.073430679492702E-003
   6.99000000000000       1.069492909934368E-003
   7.00000000000000       1.065577091643198E-003
   7.01000000000000       1.061683059339551E-003
   7.02000000000000       1.057810649319207E-003
   7.03000000000000       1.053959699435124E-003
   7.04000000000000       1.050130049079445E-003
   7.05000000000000       1.046321539165752E-003
   7.06000000000000       1.042534012111558E-003
   7.07000000000000       1.038767311821038E-003
   7.08000000000000       1.035021283667992E-003
   7.09000000000000       1.031295774479049E-003
   7.10000000000000       1.027590632517076E-003
   7.11000000000000       1.023905707464837E-003
   7.12000000000000       1.020240850408854E-003
   7.13000000000000       1.016595913823481E-003
   7.14000000000000       1.012970751555215E-003
   7.15000000000000       1.009365218807180E-003
   7.16000000000000       1.005779172123858E-003
   7.17000000000000       1.002212469375990E-003
   7.18000000000000       9.986649697456954E-004
   7.19000000000000       9.951365337117803E-004
   7.20000000000000       9.916270230352520E-004
   7.21000000000000       9.881363007450013E-004
   7.22000000000000       9.846642311237015E-004
   7.23000000000000       9.812106796938686E-004
   7.24000000000000       9.777755132041213E-004
   7.25000000000000       9.743585996156072E-004
   7.26000000000000       9.709598080886198E-004
   7.27000000000000       9.675790089693722E-004
   7.28000000000000       9.642160737769670E-004
   7.29000000000000       9.608708751905080E-004
   7.30000000000000       9.575432870363979E-004
   7.31000000000000       9.542331842757984E-004
   7.32000000000000       9.509404429922360E-004
   7.33000000000000       9.476649403793937E-004
   7.34000000000000       9.444065547290305E-004
   7.35000000000000       9.411651654190804E-004
   7.36000000000000       9.379406529018892E-004
   7.37000000000000       9.347328986926035E-004
   7.38000000000000       9.315417853577156E-004
   7.39000000000000       9.283671965037422E-004
   7.40000000000000       9.252090167660517E-004
   7.41000000000000       9.220671317978385E-004
   7.42000000000000       9.189414282592328E-004
   7.43000000000000       9.158317938065367E-004
   7.44000000000000       9.127381170816199E-004
   7.45000000000000       9.096602877014229E-004
   7.46000000000000       9.065981962476118E-004
   7.47000000000000       9.035517342563470E-004
   7.48000000000000       9.005207942081948E-004
   7.49000000000000       8.975052695181513E-004
   7.50000000000000       8.945050545257973E-004
   7.51000000000000       8.915200444855741E-004
   7.52000000000000       8.885501355571821E-004
   7.53000000000000       8.855952247960943E-004
   7.54000000000000       8.826552101441848E-004
   7.55000000000000       8.797299904204830E-004
   7.56000000000000       8.768194653120330E-004
   7.57000000000000       8.739235353648685E-004
   7.58000000000000       8.710421019750868E-004
   7.59000000000000       8.681750673800560E-004
   7.60000000000000       8.653223346497104E-004
   7.61000000000000       8.624838076779555E-004
   7.62000000000000       8.596593911741795E-004
   7.63000000000000       8.568489906548673E-004
   7.64000000000000       8.540525124353200E-004
   7.65000000000000       8.512698636214660E-004
   7.66000000000000       8.485009521017777E-004
   7.67000000000000       8.457456865392826E-004
   7.68000000000000       8.430039763636734E-004
   7.69000000000000       8.402757317635088E-004
   7.70000000000000       8.375608636785105E-004
   7.71000000000000       8.348592837919473E-004
   7.72000000000000       8.321709045231270E-004
   7.73000000000000       8.294956390199450E-004
   7.74000000000000       8.268334011515613E-004
   7.75000000000000       8.241841055011269E-004
   7.76000000000000       8.215476673586331E-004
   7.77000000000000       8.189240027138016E-004
   7.78000000000000       8.163130282491128E-004
   7.79000000000000       8.137146613328567E-004
   7.80000000000000       8.111288200123196E-004
   7.81000000000000       8.085554230070101E-004
   7.82000000000000       8.059943897019896E-004
   7.83000000000000       8.034456401412692E-004
   7.84000000000000       8.009090950212865E-004
   7.85000000000000       7.983846756844559E-004
   7.86000000000000       7.958723041128083E-004
   7.87000000000000       7.933719029216733E-004
   7.88000000000000       7.908833953534710E-004
   7.89000000000000       7.884067052715486E-004
   7.90000000000000       7.859417571541052E-004
   7.91000000000000       7.834884760881761E-004
   7.92000000000000       7.810467877636888E-004
   7.93000000000000       7.786166184675915E-004
   7.94000000000000       7.761978950780465E-004
   7.95000000000000       7.737905450586821E-004
   7.96000000000000       7.713944964529297E-004
   7.97000000000000       7.690096778784010E-004
   7.98000000000000       7.666360185213499E-004
   7.99000000000000       7.642734481311875E-004
   8.00000000000000       7.619218970150567E-004
   8.01000000000000       7.595812960324753E-004
   8.02000000000000       7.572515765900395E-004
   8.03000000000000       7.549326706361780E-004
   8.04000000000000       7.526245106559777E-004
   8.05000000000000       7.503270296660582E-004
   8.06000000000000       7.480401612095089E-004
   8.07000000000000       7.457638393508772E-004
   8.08000000000000       7.434979986712227E-004
   8.09000000000000       7.412425742632150E-004
   8.10000000000000       7.389975017262990E-004
   8.11000000000000       7.367627171618955E-004
   8.12000000000000       7.345381571686801E-004
   8.13000000000000       7.323237588378875E-004
   8.14000000000000       7.301194597486921E-004
   8.15000000000000       7.279251979636244E-004
   8.16000000000000       7.257409120240379E-004
   8.17000000000000       7.235665409456381E-004
   8.18000000000000       7.214020242140474E-004
   8.19000000000000       7.192473017804286E-004
   8.20000000000000       7.171023140571484E-004
   8.21000000000000       7.149670019134900E-004
   8.22000000000000       7.128413066714247E-004
   8.23000000000000       7.107251701014052E-004
   8.24000000000000       7.086185344182312E-004
   8.25000000000000       7.065213422769419E-004
   8.26000000000000       7.044335367687581E-004
   8.27000000000000       7.023550614170692E-004
   8.28000000000000       7.002858601734724E-004
   8.29000000000000       6.982258774138298E-004
   8.30000000000000       6.961750579343969E-004
   8.31000000000000       6.941333469479751E-004
   8.32000000000000       6.921006900801103E-004
   8.33000000000000       6.900770333653306E-004
   8.34000000000000       6.880623232434325E-004
   8.35000000000000       6.860565065557903E-004
   8.36000000000000       6.840595305417238E-004
   8.37000000000000       6.820713428348916E-004
   8.38000000000000       6.800918914597269E-004
   8.39000000000000       6.781211248279133E-004
   8.40000000000000       6.761589917348917E-004
   8.41000000000000       6.742054413564151E-004
   8.42000000000000       6.722604232451261E-004
   8.43000000000000       6.703238873271832E-004
   8.44000000000000       6.683957838989115E-004
   8.45000000000000       6.664760636235016E-004
   8.46000000000000       6.645646775277263E-004
   8.47000000000000       6.626615769987119E-004
   8.48000000000000       6.607667137807186E-004
   8.49000000000000       6.588800399719862E-004
   8.50000000000000       6.570015080215790E-004
   8.51000000000000       6.551310707262891E-004
   8.52000000000000       6.532686812275577E-004
   8.53000000000000       6.514142930084372E-004
   8.54000000000000       6.495678598905764E-004
   8.55000000000000       6.477293360312445E-004
   8.56000000000000       6.458986759203814E-004
   8.57000000000000       6.440758343776785E-004
   8.58000000000000       6.422607665496941E-004
   8.59000000000000       6.404534279069892E-004
   8.60000000000000       6.386537742413092E-004
   8.61000000000000       6.368617616627688E-004
   8.62000000000000       6.350773465970957E-004
   8.63000000000000       6.333004857828793E-004
   8.64000000000000       6.315311362688562E-004
   8.65000000000000       6.297692554112270E-004
   8.66000000000000       6.280148008709918E-004
   8.67000000000000       6.262677306113216E-004
   8.68000000000000       6.245280028949502E-004
   8.69000000000000       6.227955762815937E-004
   8.70000000000000       6.210704096253994E-004
   8.71000000000000       6.193524620724148E-004
   8.72000000000000       6.176416930580883E-004
   8.73000000000000       6.159380623047893E-004
   8.74000000000000       6.142415298193590E-004
   8.75000000000000       6.125520558906811E-004
   8.76000000000000       6.108696010872779E-004
   8.77000000000000       6.091941262549339E-004
   8.78000000000000       6.075255925143350E-004
   8.79000000000000       6.058639612587422E-004
   8.80000000000000       6.042091941516814E-004
   8.81000000000000       6.025612531246552E-004
   8.82000000000000       6.009201003748828E-004
   8.83000000000000       5.992856983630583E-004
   8.84000000000000       5.976580098111317E-004
   8.85000000000000       5.960369977001119E-004
   8.86000000000000       5.944226252678950E-004
   8.87000000000000       5.928148560071086E-004
   8.88000000000000       5.912136536629795E-004
   8.89000000000000       5.896189822312223E-004
   8.90000000000000       5.880308059559501E-004
   8.91000000000000       5.864490893276064E-004
   8.92000000000000       5.848737970809084E-004
   8.93000000000000       5.833048941928262E-004
   8.94000000000000       5.817423458805659E-004
   8.95000000000000       5.801861175995837E-004
   8.96000000000000       5.786361750416118E-004
   8.97000000000000       5.770924841327094E-004
   8.98000000000000       5.755550110313264E-004
   8.99000000000000       5.740237221263937E-004
   9.00000000000000       5.724985840354222E-004
   9.01000000000000       5.709795636026317E-004
   9.02000000000000       5.694666278970848E-004
   9.03000000000000       5.679597442108513E-004
   9.04000000000000       5.664588800571813E-004
   9.05000000000000       5.649640031686992E-004
   9.06000000000000       5.634750814956166E-004
   9.07000000000000       5.619920832039613E-004
   9.08000000000000       5.605149766738166E-004
   9.09000000000000       5.590437304975903E-004
   9.10000000000000       5.575783134782901E-004
   9.11000000000000       5.561186946278181E-004
   9.12000000000000       5.546648431652836E-004
   9.13000000000000       5.532167285153285E-004
   9.14000000000000       5.517743203064708E-004
   9.15000000000000       5.503375883694647E-004
   9.16000000000000       5.489065027356720E-004
   9.17000000000000       5.474810336354545E-004
   9.18000000000000       5.460611514965761E-004
   9.19000000000000       5.446468269426245E-004
   9.20000000000000       5.432380307914470E-004
   9.21000000000000       5.418347340535941E-004
   9.22000000000000       5.404369079307904E-004
   9.23000000000000       5.390445238144058E-004
   9.24000000000000       5.376575532839544E-004
   9.25000000000000       5.362759681055961E-004
   9.26000000000000       5.348997402306591E-004
   9.27000000000000       5.335288417941741E-004
   9.28000000000000       5.321632451134213E-004
   9.29000000000000       5.308029226864902E-004
   9.30000000000000       5.294478471908593E-004
   9.31000000000000       5.280979914819761E-004
   9.32000000000000       5.267533285918648E-004
   9.33000000000000       5.254138317277349E-004
   9.34000000000000       5.240794742706125E-004
   9.35000000000000       5.227502297739735E-004
   9.36000000000000       5.214260719624007E-004
   9.37000000000000       5.201069747302446E-004
   9.38000000000000       5.187929121403003E-004
   9.39000000000000       5.174838584224970E-004
   9.40000000000000       5.161797879725952E-004
   9.41000000000000       5.148806753509012E-004
   9.42000000000000       5.135864952809910E-004
   9.43000000000000       5.122972226484456E-004
   9.44000000000000       5.110128324995964E-004
   9.45000000000000       5.097333000402866E-004
   9.46000000000000       5.084586006346368E-004
   9.47000000000000       5.071887098038297E-004
   9.48000000000000       5.059236032248999E-004
   9.49000000000000       5.046632567295335E-004
   9.50000000000000       5.034076463028892E-004
   9.51000000000000       5.021567480824150E-004
   9.52000000000000       5.009105383566872E-004
   9.53000000000000       4.996689935642522E-004
   9.54000000000000       4.984320902924854E-004
   9.55000000000000       4.971998052764558E-004
   9.56000000000000       4.959721153978007E-004
   9.57000000000000       4.947489976836110E-004
   9.58000000000000       4.935304293053310E-004
   9.59000000000000       4.923163875776601E-004
   9.60000000000000       4.911068499574700E-004
   9.61000000000000       4.899017940427285E-004
   9.62000000000000       4.887011975714349E-004
   9.63000000000000       4.875050384205665E-004
   9.64000000000000       4.863132946050257E-004
   9.65000000000000       4.851259442766078E-004
   9.66000000000000       4.839429657229731E-004
   9.67000000000000       4.827643373666228E-004
   9.68000000000000       4.815900377638940E-004
   9.69000000000000       4.804200456039549E-004
   9.70000000000000       4.792543397078134E-004
   9.71000000000000       4.780928990273348E-004
   9.72000000000000       4.769357026442628E-004
   9.73000000000000       4.757827297692564E-004
   9.74000000000000       4.746339597409299E-004
   9.75000000000000       4.734893720249029E-004
   9.76000000000000       4.723489462128587E-004
   9.77000000000000       4.712126620216110E-004
   9.78000000000000       4.700804992921802E-004
   9.79000000000000       4.689524379888715E-004
   9.80000000000000       4.678284581983699E-004
   9.81000000000000       4.667085401288370E-004
   9.82000000000000       4.655926641090174E-004
   9.83000000000000       4.644808105873517E-004
   9.84000000000000       4.633729601311001E-004
   9.85000000000000       4.622690934254685E-004
   9.86000000000000       4.611691912727485E-004
   9.87000000000000       4.600732345914598E-004
   9.88000000000000       4.589812044155007E-004
   9.89000000000000       4.578930818933077E-004
   9.90000000000000       4.568088482870228E-004
   9.91000000000000       4.557284849716632E-004
   9.92000000000000       4.546519734343035E-004
   9.93000000000000       4.535792952732619E-004
   9.94000000000000       4.525104321972952E-004
   9.95000000000000       4.514453660247985E-004
   9.96000000000000       4.503840786830121E-004
   9.97000000000000       4.493265522072370E-004
   9.98000000000000       4.482727687400557E-004
   9.99000000000000       4.472227105305590E-004
   10.0000000000000       4.461763599335806E-004
   10.0100000000000       4.451336994089369E-004
   10.0200000000000       4.440947115206747E-004
   10.0300000000000       4.430593789363234E-004
   10.0400000000000       4.420276844261540E-004
   10.0500000000000       4.409996108624484E-004
   10.0600000000000       4.399751412187670E-004
   10.0700000000000       4.389542585692271E-004
   10.0800000000000       4.379369460877895E-004
   10.0900000000000       4.369231870475464E-004
   10.1000000000000       4.359129648200165E-004
   10.1100000000000       4.349062628744488E-004
   10.1200000000000       4.339030647771305E-004
   10.1300000000000       4.329033541906965E-004
   10.1400000000000       4.319071148734522E-004
   10.1500000000000       4.309143306786953E-004
   10.1600000000000       4.299249855540493E-004
   10.1700000000000       4.289390635407964E-004
   10.1800000000000       4.279565487732179E-004
   10.1900000000000       4.269774254779462E-004
   10.2000000000000       4.260016779733094E-004
   10.2100000000000       4.250292906686950E-004
   10.2200000000000       4.240602480639080E-004
   10.2300000000000       4.230945347485423E-004
   10.2400000000000       4.221321354013503E-004
   10.2500000000000       4.211730347896248E-004
   10.2600000000000       4.202172177685781E-004
   10.2700000000000       4.192646692807348E-004
   10.2800000000000       4.183153743553207E-004
   10.2900000000000       4.173693181076639E-004
   10.3000000000000       4.164264857385972E-004
   10.3100000000000       4.154868625338664E-004
   10.3200000000000       4.145504338635401E-004
   10.3300000000000       4.136171851814331E-004
   10.3400000000000       4.126871020245218E-004
   10.3500000000000       4.117601700123760E-004
   10.3600000000000       4.108363748465904E-004
   10.3700000000000       4.099157023102159E-004
   10.3800000000000       4.089981382672059E-004
   10.3900000000000       4.080836686618596E-004
   10.4000000000000       4.071722795182695E-004
   10.4100000000000       4.062639569397762E-004
   10.4200000000000       4.053586871084299E-004
   10.4300000000000       4.044564562844519E-004
   10.4400000000000       4.035572508056960E-004
   10.4500000000000       4.026610570871283E-004
   10.4600000000000       4.017678616202978E-004
   10.4700000000000       4.008776509728158E-004
   10.4800000000000       3.999904117878447E-004
   10.4900000000000       3.991061307835780E-004
   10.5000000000000       3.982247947527392E-004
   10.5100000000000       3.973463905620744E-004
   10.5200000000000       3.964709051518536E-004
   10.5300000000000       3.955983255353740E-004
   10.5400000000000       3.947286387984675E-004
   10.5500000000000       3.938618320990156E-004
   10.5600000000000       3.929978926664593E-004
   10.5700000000000       3.921368078013239E-004
   10.5800000000000       3.912785648747398E-004
   10.5900000000000       3.904231513279699E-004
   10.6000000000000       3.895705546719397E-004
   10.6100000000000       3.887207624867733E-004
   10.6200000000000       3.878737624213296E-004
   10.6300000000000       3.870295421927440E-004
   10.6400000000000       3.861880895859770E-004
   10.6500000000000       3.853493924533561E-004
   10.6600000000000       3.845134387141358E-004
   10.6700000000000       3.836802163540475E-004
   10.6800000000000       3.828497134248632E-004
   10.6900000000000       3.820219180439538E-004
   10.7000000000000       3.811968183938581E-004
   10.7100000000000       3.803744027218524E-004
   10.7200000000000       3.795546593395205E-004
   10.7300000000000       3.787375766223319E-004
   10.7400000000000       3.779231430092220E-004
   10.7500000000000       3.771113470021710E-004
   10.7600000000000       3.763021771657934E-004
   10.7700000000000       3.754956221269261E-004
   10.7800000000000       3.746916705742172E-004
   10.7900000000000       3.738903112577274E-004
   10.8000000000000       3.730915329885233E-004
   10.8100000000000       3.722953246382792E-004
   10.8200000000000       3.715016751388846E-004
   10.8300000000000       3.707105734820487E-004
   10.8400000000000       3.699220087189150E-004
   10.8500000000000       3.691359699596666E-004
   10.8600000000000       3.683524463731524E-004
   10.8700000000000       3.675714271864996E-004
   10.8800000000000       3.667929016847397E-004
   10.8900000000000       3.660168592104314E-004
   10.9000000000000       3.652432891632887E-004
   10.9100000000000       3.644721809998129E-004
   10.9200000000000       3.637035242329249E-004
   10.9300000000000       3.629373084316026E-004
   10.9400000000000       3.621735232205192E-004
   10.9500000000000       3.614121582796850E-004
   10.9600000000000       3.606532033440924E-004
   10.9700000000000       3.598966482033631E-004
   10.9800000000000       3.591424827013957E-004
   10.9900000000000       3.583906967360215E-004
   11.0000000000000       3.576412802586587E-004
   11.0100000000000       3.568942232739680E-004
   11.0200000000000       3.561495158395127E-004
   11.0300000000000       3.554071480654273E-004
   11.0400000000000       3.546671101140735E-004
   11.0500000000000       3.539293921997156E-004
   11.0600000000000       3.531939845881857E-004
   11.0700000000000       3.524608775965616E-004
   11.0800000000000       3.517300615928363E-004
   11.0900000000000       3.510015269955978E-004
   11.1000000000000       3.502752642737108E-004
   11.1100000000000       3.495512639459964E-004
   11.1200000000000       3.488295165809180E-004
   11.1300000000000       3.481100127962678E-004
   11.1400000000000       3.473927432588565E-004
   11.1500000000000       3.466776986842038E-004
   11.1600000000000       3.459648698362343E-004
   11.1700000000000       3.452542475269711E-004
   11.1800000000000       3.445458226162363E-004
   11.1900000000000       3.438395860113506E-004
   11.2000000000000       3.431355286668349E-004
   11.2100000000000       3.424336415841168E-004
   11.2200000000000       3.417339158112379E-004
   11.2300000000000       3.410363424425613E-004
   11.2400000000000       3.403409126184849E-004
   11.2500000000000       3.396476175251523E-004
   11.2600000000000       3.389564483941729E-004
   11.2700000000000       3.382673965023331E-004
   11.2800000000000       3.375804531713206E-004
   11.2900000000000       3.368956097674465E-004
   11.3000000000000       3.362128577013649E-004
   11.3100000000000       3.355321884278018E-004
   11.3200000000000       3.348535934452841E-004
   11.3300000000000       3.341770642958637E-004
   11.3400000000000       3.335025925648556E-004
   11.3500000000000       3.328301698805668E-004
   11.3600000000000       3.321597879140356E-004
   11.3700000000000       3.314914383787641E-004
   11.3800000000000       3.308251130304614E-004
   11.3900000000000       3.301608036667857E-004
   11.4000000000000       3.294985021270818E-004
   11.4100000000000       3.288382002921311E-004
   11.4200000000000       3.281798900838979E-004
   11.4300000000000       3.275235634652745E-004
   11.4400000000000       3.268692124398331E-004
   11.4500000000000       3.262168290515804E-004
   11.4600000000000       3.255664053847086E-004
   11.4700000000000       3.249179335633510E-004
   11.4800000000000       3.242714057513413E-004
   11.4900000000000       3.236268141519701E-004
   11.5000000000000       3.229841510077488E-004
   11.5100000000000       3.223434086001680E-004
   11.5200000000000       3.217045792494661E-004
   11.5300000000000       3.210676553143917E-004
   11.5400000000000       3.204326291919728E-004
   11.5500000000000       3.197994933172859E-004
   11.5600000000000       3.191682401632250E-004
   11.5700000000000       3.185388622402773E-004
   11.5800000000000       3.179113520962936E-004
   11.5900000000000       3.172857023162665E-004
   11.6000000000000       3.166619055221058E-004
   11.6100000000000       3.160399543724182E-004
   11.6200000000000       3.154198415622868E-004
   11.6300000000000       3.148015598230545E-004
   11.6400000000000       3.141851019221051E-004
   11.6500000000000       3.135704606626503E-004
   11.6600000000000       3.129576288835139E-004
   11.6700000000000       3.123465994589208E-004
   11.6800000000000       3.117373652982880E-004
   11.6900000000000       3.111299193460112E-004
   11.7000000000000       3.105242545812616E-004
   11.7100000000000       3.099203640177762E-004
   11.7200000000000       3.093182407036546E-004
   11.7300000000000       3.087178777211547E-004
   11.7400000000000       3.081192681864920E-004
   11.7500000000000       3.075224052496375E-004
   11.7600000000000       3.069272820941183E-004
   11.7700000000000       3.063338919368225E-004
   11.7800000000000       3.057422280277986E-004
   11.7900000000000       3.051522836500617E-004
   11.8000000000000       3.045640521194030E-004
   11.8100000000000       3.039775267841922E-004
   11.8200000000000       3.033927010251898E-004
   11.8300000000000       3.028095682553562E-004
   11.8400000000000       3.022281219196628E-004
   11.8500000000000       3.016483554949040E-004
   11.8600000000000       3.010702624895152E-004
   11.8700000000000       3.004938364433822E-004
   11.8800000000000       2.999190709276617E-004
   11.8900000000000       2.993459595445988E-004
   11.9000000000000       2.987744959273452E-004
   11.9100000000000       2.982046737397793E-004
   11.9200000000000       2.976364866763279E-004
   11.9300000000000       2.970699284617894E-004
   11.9400000000000       2.965049928511574E-004
   11.9500000000000       2.959416736294461E-004
   11.9600000000000       2.953799646115163E-004
   11.9700000000000       2.948198596419022E-004
   11.9800000000000       2.942613525946418E-004
   11.9900000000000       2.937044373731053E-004
   12.0000000000000       2.931491079098258E-004
   12.0100000000000       2.925953581663328E-004
   12.0200000000000       2.920431821329846E-004
   12.0300000000000       2.914925738288019E-004
   12.0400000000000       2.909435273013058E-004
   12.0500000000000       2.903960366263503E-004
   12.0600000000000       2.898500959079642E-004
   12.0700000000000       2.893056992781870E-004
   12.0800000000000       2.887628408969093E-004
   12.0900000000000       2.882215149517157E-004
   12.1000000000000       2.876817156577229E-004
   12.1100000000000       2.871434372574275E-004
   12.1200000000000       2.866066740205445E-004
   12.1300000000000       2.860714202438581E-004
   12.1400000000000       2.855376702510640E-004
   12.1500000000000       2.850054183926177E-004
   12.1600000000000       2.844746590455825E-004
   12.1700000000000       2.839453866134797E-004
   12.1800000000000       2.834175955261373E-004
   12.1900000000000       2.828912802395420E-004
   12.2000000000000       2.823664352356912E-004
   12.2100000000000       2.818430550224471E-004
   12.2200000000000       2.813211341333874E-004
   12.2300000000000       2.808006671276656E-004
   12.2400000000000       2.802816485898628E-004
   12.2500000000000       2.797640731298461E-004
   12.2600000000000       2.792479353826271E-004
   12.2700000000000       2.787332300082200E-004
   12.2800000000000       2.782199516915013E-004
   12.2900000000000       2.777080951420712E-004
   12.3000000000000       2.771976550941148E-004
   12.3100000000000       2.766886263062643E-004
   12.3200000000000       2.761810035614628E-004
   12.3300000000000       2.756747816668291E-004
   12.3400000000000       2.751699554535217E-004
   12.3500000000000       2.746665197766053E-004
   12.3600000000000       2.741644695149188E-004
   12.3700000000000       2.736637995709416E-004
   12.3800000000000       2.731645048706633E-004
   12.3900000000000       2.726665803634525E-004
   12.4000000000000       2.721700210219288E-004
   12.4100000000000       2.716748218418308E-004
   12.4200000000000       2.711809778418916E-004
   12.4300000000000       2.706884840637097E-004
   12.4400000000000       2.701973355716236E-004
   12.4500000000000       2.697075274525848E-004
   12.4600000000000       2.692190548160358E-004
   12.4700000000000       2.687319127937832E-004
   12.4800000000000       2.682460965398774E-004
   12.4900000000000       2.677616012304887E-004
   12.5000000000000       2.672784220637849E-004
   12.5100000000000       2.667965542598135E-004
   12.5200000000000       2.663159930603792E-004
   12.5300000000000       2.658367337289260E-004
   12.5400000000000       2.653587715504182E-004
   12.5500000000000       2.648821018312228E-004
   12.5600000000000       2.644067198989935E-004
   12.5700000000000       2.639326211025529E-004
   12.5800000000000       2.634598008117784E-004
   12.5900000000000       2.629882544174870E-004
   12.6000000000000       2.625179773313227E-004
   12.6100000000000       2.620489649856400E-004
   12.6200000000000       2.615812128333952E-004
   12.6300000000000       2.611147163480322E-004
   12.6400000000000       2.606494710233724E-004
   12.6500000000000       2.601854723735040E-004
   12.6600000000000       2.597227159326723E-004
   12.6700000000000       2.592611972551707E-004
   12.6800000000000       2.588009119152334E-004
   12.6900000000000       2.583418555069263E-004
   12.7000000000000       2.578840236440399E-004
   12.7100000000000       2.574274119599860E-004
   12.7200000000000       2.569720161076885E-004
   12.7300000000000       2.565178317594798E-004
   12.7400000000000       2.560648546069983E-004
   12.7500000000000       2.556130803610817E-004
   12.7600000000000       2.551625047516664E-004
   12.7700000000000       2.547131235276835E-004
   12.7800000000000       2.542649324569599E-004
   12.7900000000000       2.538179273261135E-004
   12.8000000000000       2.533721039404560E-004
   12.8100000000000       2.529274581238908E-004
   12.8200000000000       2.524839857188160E-004
   12.8300000000000       2.520416825860242E-004
   12.8400000000000       2.516005446046053E-004
   12.8500000000000       2.511605676718487E-004
   12.8600000000000       2.507217477031484E-004
   12.8700000000000       2.502840806319026E-004
   12.8800000000000       2.498475624094248E-004
   12.8900000000000       2.494121890048427E-004
   12.9000000000000       2.489779564050072E-004
   12.9100000000000       2.485448606143971E-004
   12.9200000000000       2.481128976550280E-004
   12.9300000000000       2.476820635663572E-004
   12.9400000000000       2.472523544051936E-004
   12.9500000000000       2.468237662456046E-004
   12.9600000000000       2.463962951788280E-004
   12.9700000000000       2.459699373131783E-004
   12.9800000000000       2.455446887739595E-004
   12.9900000000000       2.451205457033735E-004
   13.0000000000000       2.446975042604342E-004
   13.0100000000000       2.442755606208776E-004
   13.0200000000000       2.438547109770747E-004
   13.0300000000000       2.434349515379439E-004
   13.0400000000000       2.430162785288658E-004
   13.0500000000000       2.425986881915958E-004
   13.0600000000000       2.421821767841794E-004
   13.0700000000000       2.417667405808678E-004
   13.0800000000000       2.413523758720319E-004
   13.0900000000000       2.409390789640794E-004
   13.1000000000000       2.405268461793718E-004
   13.1100000000000       2.401156738561407E-004
   13.1200000000000       2.397055583484061E-004
   13.1300000000000       2.392964960258938E-004
   13.1400000000000       2.388884832739547E-004
   13.1500000000000       2.384815164934834E-004
   13.1600000000000       2.380755921008380E-004
   13.1700000000000       2.376707065277608E-004
   13.1800000000000       2.372668562212976E-004
   13.1900000000000       2.368640376437191E-004
   13.2000000000000       2.364622472724437E-004
   13.2100000000000       2.360614815999578E-004
   13.2200000000000       2.356617371337402E-004
   13.2300000000000       2.352630103961815E-004
   13.2400000000000       2.348652979245128E-004
   13.2500000000000       2.344685962707241E-004
   13.2600000000000       2.340729020014928E-004
   13.2700000000000       2.336782116981054E-004
   13.2800000000000       2.332845219563854E-004
   13.2900000000000       2.328918293866169E-004
   13.3000000000000       2.325001306134715E-004
   13.3100000000000       2.321094222759354E-004
   13.3200000000000       2.317197010272353E-004
   13.3300000000000       2.313309635347662E-004
   13.3400000000000       2.309432064800199E-004
   13.3500000000000       2.305564265585131E-004
   13.3600000000000       2.301706204797151E-004
   13.3700000000000       2.297857849669768E-004
   13.3800000000000       2.294019167574640E-004
   13.3900000000000       2.290190126020818E-004
   13.4000000000000       2.286370692654083E-004
   13.4100000000000       2.282560835256259E-004
   13.4200000000000       2.278760521744496E-004
   13.4300000000000       2.274969720170622E-004
   13.4400000000000       2.271188398720437E-004
   13.4500000000000       2.267416525713041E-004
   13.4600000000000       2.263654069600177E-004
   13.4700000000000       2.259900998965554E-004
   13.4800000000000       2.256157282524165E-004
   13.4900000000000       2.252422889121666E-004
   13.5000000000000       2.248697787733684E-004
   13.5100000000000       2.244981947465187E-004
   13.5200000000000       2.241275337549823E-004
   13.5300000000000       2.237577927349280E-004
   13.5400000000000       2.233889686352651E-004
   13.5500000000000       2.230210584175786E-004
   13.5600000000000       2.226540590560661E-004
   13.5700000000000       2.222879675374762E-004
   13.5800000000000       2.219227808610439E-004
   13.5900000000000       2.215584960384290E-004
   13.6000000000000       2.211951100936556E-004
   13.6100000000000       2.208326200630489E-004
   13.6200000000000       2.204710229951743E-004
   13.6300000000000       2.201103159507784E-004
   13.6400000000000       2.197504960027249E-004
   13.6500000000000       2.193915602359386E-004
   13.6600000000000       2.190335057473427E-004
   13.6700000000000       2.186763296458014E-004
   13.6800000000000       2.183200290520590E-004
   13.6900000000000       2.179646010986824E-004
   13.7000000000000       2.176100429300028E-004
   13.7100000000000       2.172563517020570E-004
   13.7200000000000       2.169035245825299E-004
   13.7300000000000       2.165515587506976E-004
   13.7400000000000       2.162004513973696E-004
   13.7500000000000       2.158501997248325E-004
   13.7600000000000       2.155008009467942E-004
   13.7700000000000       2.151522522883263E-004
   13.7800000000000       2.148045509858098E-004
   13.7900000000000       2.144576942868794E-004
   13.8000000000000       2.141116794503678E-004
   13.8100000000000       2.137665037462507E-004
   13.8200000000000       2.134221644555948E-004
   13.8300000000000       2.130786588704996E-004
   13.8400000000000       2.127359842940468E-004
   13.8500000000000       2.123941380402455E-004
   13.8600000000000       2.120531174339797E-004
   13.8700000000000       2.117129198109531E-004
   13.8800000000000       2.113735425176393E-004
   13.8900000000000       2.110349829112291E-004
   13.9000000000000       2.106972383595758E-004
   13.9100000000000       2.103603062411463E-004
   13.9200000000000       2.100241839449687E-004
   13.9300000000000       2.096888688705813E-004
   13.9400000000000       2.093543584279806E-004
   13.9500000000000       2.090206500375726E-004
   13.9600000000000       2.086877411301215E-004
   13.9700000000000       2.083556291466993E-004
   13.9800000000000       2.080243115386359E-004
   13.9900000000000       2.076937857674718E-004
   14.0000000000000       2.073640493049065E-004
   14.0100000000000       2.070350996327504E-004
   14.0200000000000       2.067069342428766E-004
   14.0300000000000       2.063795506371721E-004
   14.0400000000000       2.060529463274900E-004
   14.0500000000000       2.057271188356018E-004
   14.0600000000000       2.054020656931486E-004
   14.0700000000000       2.050777844415955E-004
   14.0800000000000       2.047542726321846E-004
   14.0900000000000       2.044315278258865E-004
   14.1000000000000       2.041095475933557E-004
   14.1100000000000       2.037883295148834E-004
   14.1200000000000       2.034678711803510E-004
   14.1300000000000       2.031481701891867E-004
   14.1400000000000       2.028292241503169E-004
   14.1500000000000       2.025110306821237E-004
   14.1600000000000       2.021935874123979E-004
   14.1700000000000       2.018768919782963E-004
   14.1800000000000       2.015609420262952E-004
   14.1900000000000       2.012457352121478E-004
   14.2000000000000       2.009312692008393E-004
   14.2100000000000       2.006175416665439E-004
   14.2200000000000       2.003045502925803E-004
   14.2300000000000       1.999922927713704E-004
   14.2400000000000       1.996807668043927E-004
   14.2500000000000       1.993699701021445E-004
   14.2600000000000       1.990599003840947E-004
   14.2700000000000       1.987505553786448E-004
   14.2800000000000       1.984419328230846E-004
   14.2900000000000       1.981340304635527E-004
   14.3000000000000       1.978268460549922E-004
   14.3100000000000       1.975203773611115E-004
   14.3200000000000       1.972146221543423E-004
   14.3300000000000       1.969095782157986E-004
   14.3400000000000       1.966052433352361E-004
   14.3500000000000       1.963016153110123E-004
   14.3600000000000       1.959986919500454E-004
   14.3700000000000       1.956964710677745E-004
   14.3800000000000       1.953949504881206E-004
   14.3900000000000       1.950941280434455E-004
   14.4000000000000       1.947940015745140E-004
   14.4100000000000       1.944945689304539E-004
   14.4200000000000       1.941958279687171E-004
   14.4300000000000       1.938977765550410E-004
   14.4400000000000       1.936004125634100E-004
   14.4500000000000       1.933037338760165E-004
   14.4600000000000       1.930077383832250E-004
   14.4700000000000       1.927124239835311E-004
   14.4800000000000       1.924177885835262E-004
   14.4900000000000       1.921238300978592E-004
   14.5000000000000       1.918305464491982E-004
   14.5100000000000       1.915379355681952E-004
   14.5200000000000       1.912459953934488E-004
   14.5300000000000       1.909547238714669E-004
   14.5400000000000       1.906641189566294E-004
   14.5500000000000       1.903741786111549E-004
   14.5600000000000       1.900849008050612E-004
   14.5700000000000       1.897962835161307E-004
   14.5800000000000       1.895083247298759E-004
   14.5900000000000       1.892210224395031E-004
   14.6000000000000       1.889343746458754E-004
   14.6100000000000       1.886483793574802E-004
   14.6200000000000       1.883630345903923E-004
   14.6300000000000       1.880783383682409E-004
   14.6400000000000       1.877942887221734E-004
   14.6500000000000       1.875108836908212E-004
   14.6600000000000       1.872281213202671E-004
   14.6700000000000       1.869459996640087E-004
   14.6800000000000       1.866645167829274E-004
   14.6900000000000       1.863836707452530E-004
   14.7000000000000       1.861034596265295E-004
   14.7100000000000       1.858238815095844E-004
   14.7200000000000       1.855449344844933E-004
   14.7300000000000       1.852666166485471E-004
   14.7400000000000       1.849889261062212E-004
   14.7500000000000       1.847118609691405E-004
   14.7600000000000       1.844354193560478E-004
   14.7700000000000       1.841595993927728E-004
   14.7800000000000       1.838843992121982E-004
   14.7900000000000       1.836098169542290E-004
   14.8000000000000       1.833358507657598E-004
   14.8100000000000       1.830624988006436E-004
   14.8200000000000       1.827897592196618E-004
   14.8300000000000       1.825176301904899E-004
   14.8400000000000       1.822461098876700E-004
   14.8500000000000       1.819751964925765E-004
   14.8600000000000       1.817048881933879E-004
   14.8700000000000       1.814351831850552E-004
   14.8800000000000       1.811660796692707E-004
   14.8900000000000       1.808975758544398E-004
   14.9000000000000       1.806296699556487E-004
   14.9100000000000       1.803623601946352E-004
   14.9200000000000       1.800956447997608E-004
   14.9300000000000       1.798295220059763E-004
   14.9400000000000       1.795639900547985E-004
   14.9500000000000       1.792990471942760E-004
   14.9600000000000       1.790346916789621E-004
   14.9700000000000       1.787709217698853E-004
   14.9800000000000       1.785077357345210E-004
   14.9900000000000       1.782451318467619E-004
   15.0000000000000       1.779831083868896E-004
   15.0100000000000       1.777216636415477E-004
   15.0200000000000       1.774607959037099E-004
   15.0300000000000       1.772005034726570E-004
   15.0400000000000       1.769407846539438E-004
   15.0500000000000       1.766816377593754E-004
   15.0600000000000       1.764230611069763E-004
   15.0700000000000       1.761650530209650E-004
   15.0800000000000       1.759076118317259E-004
   15.0900000000000       1.756507358757808E-004
   15.1000000000000       1.753944234957647E-004
   15.1100000000000       1.751386730403960E-004
   15.1200000000000       1.748834828644503E-004
   15.1300000000000       1.746288513287356E-004
   15.1400000000000       1.743747768000627E-004
   15.1500000000000       1.741212576512213E-004
   15.1600000000000       1.738682922609514E-004
   15.1700000000000       1.736158790139204E-004
   15.1800000000000       1.733640163006933E-004
   15.1900000000000       1.731127025177094E-004
   15.2000000000000       1.728619360672558E-004
   15.2100000000000       1.726117153574416E-004
   15.2200000000000       1.723620388021721E-004
   15.2300000000000       1.721129048211245E-004
   15.2400000000000       1.718643118397214E-004
   15.2500000000000       1.716162582891070E-004
   15.2600000000000       1.713687426061205E-004
   15.2700000000000       1.711217632332728E-004
   15.2800000000000       1.708753186187208E-004
   15.2900000000000       1.706294072162437E-004
   15.3000000000000       1.703840274852171E-004
   15.3100000000000       1.701391778905899E-004
   15.3200000000000       1.698948569028601E-004
   15.3300000000000       1.696510629980496E-004
   15.3400000000000       1.694077946576809E-004
   15.3500000000000       1.691650503687537E-004
   15.3600000000000       1.689228286237203E-004
   15.3700000000000       1.686811279204624E-004
   15.3800000000000       1.684399467622677E-004
   15.3900000000000       1.681992836578065E-004
   15.4000000000000       1.679591371211074E-004
   15.4100000000000       1.677195056715366E-004
   15.4200000000000       1.674803878337722E-004
   15.4300000000000       1.672417821377826E-004
   15.4400000000000       1.670036871188039E-004
   15.4500000000000       1.667661013173163E-004
   15.4600000000000       1.665290232790223E-004
   15.4700000000000       1.662924515548247E-004
   15.4800000000000       1.660563847008023E-004
   15.4900000000000       1.658208212781899E-004
   15.5000000000000       1.655857598533548E-004
   15.5100000000000       1.653511989977756E-004
   15.5200000000000       1.651171372880194E-004
   15.5300000000000       1.648835733057212E-004
   15.5400000000000       1.646505056375609E-004
   15.5500000000000       1.644179328752424E-004
   15.5600000000000       1.641858536154729E-004
   15.5700000000000       1.639542664599400E-004
   15.5800000000000       1.637231700152916E-004
   15.5900000000000       1.634925628931140E-004
   15.6000000000000       1.632624437099115E-004
   15.6100000000000       1.630328110870854E-004
   15.6200000000000       1.628036636509129E-004
   15.6300000000000       1.625750000325257E-004
   15.6400000000000       1.623468188678913E-004
   15.6500000000000       1.621191187977902E-004
   15.6600000000000       1.618918984677980E-004
   15.6700000000000       1.616651565282623E-004
   15.6800000000000       1.614388916342835E-004
   15.6900000000000       1.612131024456975E-004
   15.7000000000000       1.609877876270503E-004
   15.7100000000000       1.607629458475833E-004
   15.7200000000000       1.605385757812094E-004
   15.7300000000000       1.603146761064963E-004
   15.7400000000000       1.600912455066451E-004
   15.7500000000000       1.598682826694713E-004
   15.7600000000000       1.596457862873855E-004
   15.7700000000000       1.594237550573738E-004
   15.7800000000000       1.592021876809794E-004
   15.7900000000000       1.589810828642811E-004
   15.8000000000000       1.587604393178783E-004
   15.8100000000000       1.585402557568669E-004
   15.8200000000000       1.583205309008252E-004
   15.8300000000000       1.581012634737928E-004
   15.8400000000000       1.578824522042513E-004
   15.8500000000000       1.576640958251076E-004
   15.8600000000000       1.574461930736739E-004
   15.8700000000000       1.572287426916498E-004
   15.8800000000000       1.570117434251042E-004
   15.8900000000000       1.567951940244569E-004
   15.9000000000000       1.565790932444604E-004
   15.9100000000000       1.563634398441814E-004
   15.9200000000000       1.561482325869837E-004
   15.9300000000000       1.559334702405106E-004
   15.9400000000000       1.557191515766651E-004
   15.9500000000000       1.555052753715948E-004
   15.9600000000000       1.552918404056716E-004
   15.9700000000000       1.550788454634770E-004
   15.9800000000000       1.548662893337827E-004
   15.9900000000000       1.546541708095333E-004
   16.0000000000000       1.544424886878302E-004
   16.0100000000000       1.542312417699131E-004
   16.0200000000000       1.540204288611441E-004
   16.0300000000000       1.538100487709897E-004
   16.0400000000000       1.536001003130039E-004
   16.0500000000000       1.533905823048122E-004
   16.0600000000000       1.531814935680940E-004
   16.0700000000000       1.529728329285658E-004
   16.0800000000000       1.527645992159658E-004
   16.0900000000000       1.525567912640363E-004
   16.1000000000000       1.523494079105063E-004
   16.1100000000000       1.521424479970771E-004
   16.1200000000000       1.519359103694059E-004
   16.1300000000000       1.517297938770868E-004
   16.1400000000000       1.515240973736388E-004
   16.1500000000000       1.513188197164859E-004
   16.1600000000000       1.511139597669438E-004
   16.1700000000000       1.509095163902025E-004
   16.1800000000000       1.507054884553113E-004
   16.1900000000000       1.505018748351621E-004
   16.2000000000000       1.502986744064747E-004
   16.2100000000000       1.500958860497804E-004
   16.2200000000000       1.498935086494073E-004
   16.2300000000000       1.496915410934636E-004
   16.2400000000000       1.494899822738234E-004
   16.2500000000000       1.492888310861112E-004
   16.2600000000000       1.490880864296859E-004
   16.2700000000000       1.488877472076261E-004
   16.2800000000000       1.486878123267151E-004
   16.2900000000000       1.484882806974256E-004
   16.3000000000000       1.482891512339051E-004
   16.3100000000000       1.480904228539607E-004
   16.3200000000000       1.478920944790442E-004
   16.3300000000000       1.476941650342380E-004
   16.3400000000000       1.474966334482394E-004
   16.3500000000000       1.472994986533468E-004
   16.3600000000000       1.471027595854447E-004
   16.3700000000000       1.469064151839895E-004
   16.3800000000000       1.467104643919956E-004
   16.3900000000000       1.465149061560193E-004
   16.4000000000000       1.463197394261469E-004
   16.4100000000000       1.461249631559779E-004
   16.4200000000000       1.459305763026137E-004
   16.4300000000000       1.457365778266413E-004
   16.4400000000000       1.455429666921201E-004
   16.4500000000000       1.453497418665683E-004
   16.4600000000000       1.451569023209482E-004
   16.4700000000000       1.449644470296536E-004
   16.4800000000000       1.447723749704945E-004
   16.4900000000000       1.445806851246845E-004
   16.5000000000000       1.443893764768273E-004
   16.5100000000000       1.441984480149024E-004
   16.5200000000000       1.440078987302522E-004
   16.5300000000000       1.438177276175679E-004
   16.5400000000000       1.436279336748773E-004
   16.5500000000000       1.434385159035306E-004
   16.5600000000000       1.432494733081866E-004
   16.5700000000000       1.430608048968019E-004
   16.5800000000000       1.428725096806140E-004
   16.5900000000000       1.426845866741325E-004
   16.6000000000000       1.424970348951228E-004
   16.6100000000000       1.423098533645950E-004
   16.6200000000000       1.421230411067898E-004
   16.6300000000000       1.419365971491670E-004
   16.6400000000000       1.417505205223914E-004
   16.6500000000000       1.415648102603212E-004
   16.6600000000000       1.413794653999947E-004
   16.6700000000000       1.411944849816180E-004
   16.6800000000000       1.410098680485525E-004
   16.6900000000000       1.408256136473024E-004
   16.7000000000000       1.406417208275020E-004
   16.7100000000000       1.404581886419037E-004
   16.7200000000000       1.402750161463658E-004
   16.7300000000000       1.400922023998398E-004
   16.7400000000000       1.399097464643588E-004
   16.7500000000000       1.397276474050250E-004
   16.7600000000000       1.395459042899975E-004
   16.7700000000000       1.393645161904808E-004
   16.7800000000000       1.391834821807121E-004
   16.7900000000000       1.390028013379504E-004
   16.8000000000000       1.388224727424636E-004
   16.8100000000000       1.386424954775181E-004
   16.8200000000000       1.384628686293648E-004
   16.8300000000000       1.382835912872299E-004
   16.8400000000000       1.381046625433017E-004
   16.8500000000000       1.379260814927195E-004
   16.8600000000000       1.377478472335622E-004
   16.8700000000000       1.375699588668364E-004
   16.8800000000000       1.373924154964659E-004
   16.8900000000000       1.372152162292789E-004
   16.9000000000000       1.370383601749979E-004
   16.9100000000000       1.368618464462279E-004
   16.9200000000000       1.366856741584455E-004
   16.9300000000000       1.365098424299874E-004
   16.9400000000000       1.363343503820391E-004
   16.9500000000000       1.361591971386247E-004
   16.9600000000000       1.359843818265950E-004
   16.9700000000000       1.358099035756174E-004
   16.9800000000000       1.356357615181635E-004
   16.9900000000000       1.354619547895004E-004
   17.0000000000000       1.352884825276776E-004
   17.0100000000000       1.351153438735181E-004
   17.0200000000000       1.349425379706070E-004
   17.0300000000000       1.347700639652796E-004
   17.0400000000000       1.345979210066137E-004
   17.0500000000000       1.344261082464157E-004
   17.0600000000000       1.342546248392125E-004
   17.0700000000000       1.340834699422399E-004
   17.0800000000000       1.339126427154326E-004
   17.0900000000000       1.337421423214134E-004
   17.1000000000000       1.335719679254834E-004
   17.1100000000000       1.334021186956111E-004
   17.1200000000000       1.332325938024230E-004
   17.1300000000000       1.330633924191920E-004
   17.1400000000000       1.328945137218291E-004
   17.1500000000000       1.327259568888718E-004
   17.1600000000000       1.325577211014749E-004
   17.1700000000000       1.323898055433997E-004
   17.1800000000000       1.322222094010049E-004
   17.1900000000000       1.320549318632360E-004
   17.2000000000000       1.318879721216158E-004
   17.2100000000000       1.317213293702343E-004
   17.2200000000000       1.315550028057393E-004
   17.2300000000000       1.313889916273262E-004
   17.2400000000000       1.312232950367286E-004
   17.2500000000000       1.310579122382084E-004
   17.2600000000000       1.308928424385459E-004
   17.2700000000000       1.307280848470319E-004
   17.2800000000000       1.305636386754557E-004
   17.2900000000000       1.303995031380969E-004
   17.3000000000000       1.302356774517162E-004
   17.3100000000000       1.300721608355459E-004
   17.3200000000000       1.299089525112792E-004
   17.3300000000000       1.297460517030633E-004
   17.3400000000000       1.295834576374877E-004
   17.3500000000000       1.294211695435766E-004
   17.3600000000000       1.292591866527788E-004
   17.3700000000000       1.290975081989589E-004
   17.3800000000000       1.289361334183884E-004
   17.3900000000000       1.287750615497357E-004
   17.4000000000000       1.286142918340584E-004
   17.4100000000000       1.284538235147934E-004
   17.4200000000000       1.282936558377477E-004
   17.4300000000000       1.281337880510907E-004
   17.4400000000000       1.279742194053436E-004
   17.4500000000000       1.278149491533723E-004
   17.4600000000000       1.276559765503775E-004
   17.4700000000000       1.274973008538858E-004
   17.4800000000000       1.273389213237419E-004
   17.4900000000000       1.271808372220994E-004
   17.5000000000000       1.270230478134120E-004
   17.5100000000000       1.268655523644246E-004
   17.5200000000000       1.267083501441662E-004
   17.5300000000000       1.265514404239389E-004
   17.5400000000000       1.263948224773123E-004
   17.5500000000000       1.262384955801124E-004
   17.5600000000000       1.260824590104146E-004
   17.5700000000000       1.259267120485353E-004
   17.5800000000000       1.257712539770234E-004
   17.5900000000000       1.256160840806513E-004
   17.6000000000000       1.254612016464073E-004
   17.6100000000000       1.253066059634879E-004
   17.6200000000000       1.251522963232876E-004
   17.6300000000000       1.249982720193936E-004
   17.6400000000000       1.248445323475747E-004
   17.6500000000000       1.246910766057754E-004
   17.6600000000000       1.245379040941070E-004
   17.6700000000000       1.243850141148394E-004
   17.6800000000000       1.242324059723932E-004
   17.6900000000000       1.240800789733319E-004
   17.7000000000000       1.239280324263543E-004
   17.7100000000000       1.237762656422853E-004
   17.7200000000000       1.236247779340701E-004
   17.7300000000000       1.234735686167640E-004
   17.7400000000000       1.233226370075270E-004
   17.7500000000000       1.231719824256141E-004
   17.7600000000000       1.230216041923685E-004
   17.7700000000000       1.228715016312137E-004
   17.7800000000000       1.227216740676460E-004
   17.7900000000000       1.225721208292269E-004
   17.8000000000000       1.224228412455749E-004
   17.8100000000000       1.222738346483590E-004
   17.8200000000000       1.221251003712898E-004
   17.8300000000000       1.219766377501138E-004
   17.8400000000000       1.218284461226036E-004
   17.8500000000000       1.216805248285531E-004
   17.8600000000000       1.215328732097678E-004
   17.8700000000000       1.213854906100591E-004
   17.8800000000000       1.212383763752356E-004
   17.8900000000000       1.210915298530968E-004
   17.9000000000000       1.209449503934257E-004
   17.9100000000000       1.207986373479809E-004
   17.9200000000000       1.206525900704901E-004
   17.9300000000000       1.205068079166426E-004
   17.9400000000000       1.203612902440822E-004
   17.9500000000000       1.202160364123998E-004
   17.9600000000000       1.200710457831269E-004
   17.9700000000000       1.199263177197283E-004
   17.9800000000000       1.197818515875945E-004
   17.9900000000000       1.196376467540356E-004
   18.0000000000000       1.194937025882739E-004
   18.0100000000000       1.193500184614366E-004
   18.0200000000000       1.192065937465499E-004
   18.0300000000000       1.190634278185306E-004
   18.0400000000000       1.189205200541809E-004
   18.0500000000000       1.187778698321804E-004
   18.0600000000000       1.186354765330798E-004
   18.0700000000000       1.184933395392940E-004
   18.0800000000000       1.183514582350953E-004
   18.0900000000000       1.182098320066071E-004
   18.1000000000000       1.180684602417966E-004
   18.1100000000000       1.179273423304684E-004
   18.1200000000000       1.177864776642580E-004
   18.1300000000000       1.176458656366253E-004
   18.1400000000000       1.175055056428478E-004
   18.1500000000000       1.173653970800136E-004
   18.1600000000000       1.172255393470161E-004
   18.1700000000000       1.170859318445466E-004
   18.1800000000000       1.169465739750876E-004
   18.1900000000000       1.168074651429071E-004
   18.2000000000000       1.166686047540525E-004
   18.2100000000000       1.165299922163425E-004
   18.2200000000000       1.163916269393626E-004
   18.2300000000000       1.162535083344580E-004
   18.2400000000000       1.161156358147268E-004
   18.2500000000000       1.159780087950153E-004
   18.2600000000000       1.158406266919095E-004
   18.2700000000000       1.157034889237311E-004
   18.2800000000000       1.155665949105298E-004
   18.2900000000000       1.154299440740777E-004
   18.3000000000000       1.152935358378629E-004
   18.3100000000000       1.151573696270842E-004
   18.3200000000000       1.150214448686437E-004
   18.3300000000000       1.148857609911420E-004
   18.3400000000000       1.147503174248709E-004
   18.3500000000000       1.146151136018083E-004
   18.3600000000000       1.144801489556125E-004
   18.3700000000000       1.143454229216151E-004
   18.3800000000000       1.142109349368160E-004
   18.3900000000000       1.140766844398765E-004
   18.4000000000000       1.139426708711149E-004
   18.4100000000000       1.138088936724991E-004
   18.4200000000000       1.136753522876418E-004
   18.4300000000000       1.135420461617944E-004
   18.4400000000000       1.134089747418402E-004
   18.4500000000000       1.132761374762912E-004
   18.4600000000000       1.131435338152789E-004
   18.4700000000000       1.130111632105519E-004
   18.4800000000000       1.128790251154674E-004
   18.4900000000000       1.127471189849878E-004
   18.5000000000000       1.126154442756732E-004
   18.5100000000000       1.124840004456771E-004
   18.5200000000000       1.123527869547400E-004
   18.5300000000000       1.122218032641847E-004
   18.5400000000000       1.120910488369091E-004
   18.5500000000000       1.119605231373830E-004
   18.5600000000000       1.118302256316402E-004
   18.5700000000000       1.117001557872746E-004
   18.5800000000000       1.115703130734341E-004
   18.5900000000000       1.114406969608153E-004
   18.6000000000000       1.113113069216581E-004
   18.6100000000000       1.111821424297401E-004
   18.6200000000000       1.110532029603718E-004
   18.6300000000000       1.109244879903901E-004
   18.6400000000000       1.107959969981540E-004
   18.6500000000000       1.106677294635391E-004
   18.6600000000000       1.105396848679321E-004
   18.6700000000000       1.104118626942254E-004
   18.6800000000000       1.102842624268122E-004
   18.6900000000000       1.101568835515809E-004
   18.7000000000000       1.100297255559106E-004
   18.7100000000000       1.099027879286645E-004
   18.7200000000000       1.097760701601863E-004
   18.7300000000000       1.096495717422945E-004
   18.7400000000000       1.095232921682766E-004
   18.7500000000000       1.093972309328851E-004
   18.7600000000000       1.092713875323315E-004
   18.7700000000000       1.091457614642817E-004
   18.7800000000000       1.090203522278511E-004
   18.7900000000000       1.088951593235988E-004
   18.8000000000000       1.087701822535239E-004
   18.8100000000000       1.086454205210594E-004
   18.8200000000000       1.085208736310670E-004
   18.8300000000000       1.083965410898342E-004
   18.8400000000000       1.082724224050664E-004
   18.8500000000000       1.081485170858844E-004
   18.8600000000000       1.080248246428187E-004
   18.8700000000000       1.079013445878041E-004
   18.8800000000000       1.077780764341758E-004
   18.8900000000000       1.076550196966638E-004
   18.9000000000000       1.075321738913890E-004
   18.9100000000000       1.074095385358568E-004
   18.9200000000000       1.072871131489545E-004
   18.9300000000000       1.071648972509448E-004
   18.9400000000000       1.070428903634617E-004
   18.9500000000000       1.069210920095063E-004
   18.9600000000000       1.067995017134410E-004
   18.9700000000000       1.066781190009855E-004
   18.9800000000000       1.065569433992128E-004
   18.9900000000000       1.064359744365428E-004
   19.0000000000000       1.063152116427398E-004
   19.0100000000000       1.061946545489060E-004
   19.0200000000000       1.060743026874780E-004
   19.0300000000000       1.059541555922225E-004
   19.0400000000000       1.058342127982305E-004
   19.0500000000000       1.057144738419141E-004
   19.0600000000000       1.055949382610012E-004
   19.0700000000000       1.054756055945311E-004
   19.0800000000000       1.053564753828507E-004
   19.0900000000000       1.052375471676090E-004
   19.1000000000000       1.051188204917536E-004
   19.1100000000000       1.050002948995256E-004
   19.1200000000000       1.048819699364554E-004
   19.1300000000000       1.047638451493589E-004
   19.1400000000000       1.046459200863322E-004
   19.1500000000000       1.045281942967475E-004
   19.1600000000000       1.044106673312498E-004
   19.1700000000000       1.042933387417511E-004
   19.1800000000000       1.041762080814268E-004
   19.1900000000000       1.040592749047113E-004
   19.2000000000000       1.039425387672941E-004
   19.2100000000000       1.038259992261151E-004
   19.2200000000000       1.037096558393609E-004
   19.2300000000000       1.035935081664595E-004
   19.2400000000000       1.034775557680775E-004
   19.2500000000000       1.033617982061153E-004
   19.2600000000000       1.032462350437021E-004
   19.2700000000000       1.031308658451934E-004
   19.2800000000000       1.030156901761659E-004
   19.2900000000000       1.029007076034133E-004
   19.3000000000000       1.027859176949422E-004
   19.3100000000000       1.026713200199688E-004
   19.3200000000000       1.025569141489137E-004
   19.3300000000000       1.024426996533988E-004
   19.3400000000000       1.023286761062430E-004
   19.3500000000000       1.022148430814581E-004
   19.3600000000000       1.021012001542441E-004
   19.3700000000000       1.019877469009867E-004
   19.3800000000000       1.018744828992520E-004
   19.3900000000000       1.017614077277835E-004
   19.4000000000000       1.016485209664973E-004
   19.4100000000000       1.015358221964789E-004
   19.4200000000000       1.014233109999792E-004
   19.4300000000000       1.013109869604100E-004
   19.4400000000000       1.011988496623402E-004
   19.4500000000000       1.010868986914936E-004
   19.4600000000000       1.009751336347424E-004
   19.4700000000000       1.008635540801052E-004
   19.4800000000000       1.007521596167427E-004
   19.4900000000000       1.006409498349538E-004
   19.5000000000000       1.005299243261720E-004
   19.5100000000000       1.004190826829614E-004
   19.5200000000000       1.003084244990135E-004
   19.5300000000000       1.001979493691417E-004
   19.5400000000000       1.000876568892804E-004
   19.5500000000000       9.997754665647911E-005
   19.5600000000000       9.986761826889968E-005
   19.5700000000000       9.975787132581162E-005
   19.5800000000000       9.964830542758998E-005
   19.5900000000000       9.953892017571055E-005
   19.6000000000000       9.942971517274633E-005
   19.6100000000000       9.932069002236446E-005
   19.6200000000000       9.921184432932221E-005
   19.6300000000000       9.910317769946303E-005
   19.6400000000000       9.899468973971392E-005
   19.6500000000000       9.888638005808045E-005
   19.6600000000000       9.877824826364507E-005
   19.6700000000000       9.867029396656198E-005
   19.6800000000000       9.856251677805399E-005
   19.6900000000000       9.845491631040950E-005
   19.7000000000000       9.834749217697848E-005
   19.7100000000000       9.824024399216921E-005
   19.7200000000000       9.813317137144467E-005
   19.7300000000000       9.802627393131933E-005
   19.7400000000000       9.791955128935521E-005
   19.7500000000000       9.781300306415903E-005
   19.7600000000000       9.770662887537837E-005
   19.7700000000000       9.760042834369852E-005
   19.7800000000000       9.749440109083893E-005
   19.7900000000000       9.738854673954950E-005
   19.8000000000000       9.728286491360789E-005
   19.8100000000000       9.717735523781607E-005
   19.8200000000000       9.707201733799585E-005
   19.8300000000000       9.696685084098752E-005
   19.8400000000000       9.686185537464463E-005
   19.8500000000000       9.675703056783172E-005
   19.8600000000000       9.665237605042114E-005
   19.8700000000000       9.654789145328856E-005
   19.8800000000000       9.644357640831131E-005
   19.8900000000000       9.633943054836424E-005
   19.9000000000000       9.623545350731624E-005
   19.9100000000000       9.613164492002787E-005
   19.9200000000000       9.602800442234694E-005
   19.9300000000000       9.592453165110671E-005
   19.9400000000000       9.582122624412134E-005
   19.9500000000000       9.571808784018376E-005
   19.9600000000000       9.561511607906189E-005
   19.9700000000000       9.551231060149586E-005
   19.9800000000000       9.540967104919412E-005
   19.9900000000000       9.530719706483168E-005
   20.0000000000000       9.520488829204520E-005
